<?xml version="1.0" encoding="UTF-8"?>
<testsuite xmlns:xsi="http://www.w3.org/2001/XMLSchema-instance" xsi:noNamespaceSchemaLocation="https://maven.apache.org/surefire/maven-surefire-plugin/xsd/surefire-test-report-3.0.xsd" version="3.0" name="money.MoneyTest" time="0.04" tests="12" errors="0" skipped="0" failures="0">
  <properties>
[...]
</properties>
  <testcase name="testReduceSum" classname="money.MoneyTest" time="0.017"/>
  <testcase name="testSimpleAddition" classname="money.MoneyTest" time="0.001"/>
  <testcase name="testSumTimes" classname="money.MoneyTest" time="0.001"/>
  <testcase name="testMultiplication" classname="money.MoneyTest" time="0.001"/>
  <testcase name="testSumPlusMoney" classname="money.MoneyTest" time="0.001"/>
  <testcase name="testMixedAddition" classname="money.MoneyTest" time="0.0"/>
  <testcase name="testReduceMoney" classname="money.MoneyTest" time="0.0"/>
  <testcase name="testIdentityRate" classname="money.MoneyTest" time="0.001"/>
  <testcase name="testFrancMultiplication" classname="money.MoneyTest" time="0.0"/>
  <testcase name="testCurrency" classname="money.MoneyTest" time="0.001"/>
  <testcase name="testEquality" classname="money.MoneyTest" time="0.001"/>
  <testcase name="testReduceMoneyDifferentCurrency" classname="money.MoneyTest" time="0.0"/>
</testsuite>